[debug] [2025-01-27T15:40:22.391Z] ----------------------------------------------------------------------
[debug] [2025-01-27T15:40:22.393Z] Command:       /home/alexpimenov/.nvm/versions/node/v20.18.2/bin/node /home/alexpimenov/.nvm/versions/node/v20.18.2/bin/firebase emulators:start --only functions
[debug] [2025-01-27T15:40:22.393Z] CLI Version:   13.29.2
[debug] [2025-01-27T15:40:22.393Z] Platform:      linux
[debug] [2025-01-27T15:40:22.393Z] Node Version:  v20.18.2
[debug] [2025-01-27T15:40:22.393Z] Time:          Mon Jan 27 2025 17:40:22 GMT+0200 (Eastern European Standard Time)
[debug] [2025-01-27T15:40:22.394Z] ----------------------------------------------------------------------
[debug] 
[debug] [2025-01-27T15:40:22.538Z] > command requires scopes: ["email","openid","https://www.googleapis.com/auth/cloudplatformprojects.readonly","https://www.googleapis.com/auth/firebase","https://www.googleapis.com/auth/cloud-platform"]
[debug] [2025-01-27T15:40:22.538Z] > authorizing via signed-in user (pimenovs33@gmail.com)
[info] i  emulators: Starting emulators: functions {"metadata":{"emulator":{"name":"hub"},"message":"Starting emulators: functions"}}
[debug] [2025-01-27T15:40:22.546Z] [logging] Logging Emulator only supports listening on one address (127.0.0.1). Not listening on ::1
[debug] [2025-01-27T15:40:22.546Z] assigned listening specs for emulators {"user":{"hub":[{"address":"127.0.0.1","family":"IPv4","port":4400},{"address":"::1","family":"IPv6","port":4400}],"ui":[{"address":"127.0.0.1","family":"IPv4","port":4000},{"address":"::1","family":"IPv6","port":4000}],"logging":[{"address":"127.0.0.1","family":"IPv4","port":4500}]},"metadata":{"message":"assigned listening specs for emulators"}}
[debug] [2025-01-27T15:40:22.548Z] [hub] writing locator at /tmp/hub-mealstogo-e7267.json
[debug] [2025-01-27T15:40:22.566Z] [functions] Functions Emulator only supports listening on one address (127.0.0.1). Not listening on ::1
[debug] [2025-01-27T15:40:22.567Z] [eventarc] Eventarc Emulator only supports listening on one address (127.0.0.1). Not listening on ::1
[debug] [2025-01-27T15:40:22.567Z] [tasks] Cloud Tasks Emulator only supports listening on one address (127.0.0.1). Not listening on ::1
[debug] [2025-01-27T15:40:22.567Z] late-assigned ports for functions and eventarc emulators {"user":{"hub":[{"address":"127.0.0.1","family":"IPv4","port":4400},{"address":"::1","family":"IPv6","port":4400}],"ui":[{"address":"127.0.0.1","family":"IPv4","port":4000},{"address":"::1","family":"IPv6","port":4000}],"logging":[{"address":"127.0.0.1","family":"IPv4","port":4500}],"functions":[{"address":"127.0.0.1","family":"IPv4","port":5001}],"eventarc":[{"address":"127.0.0.1","family":"IPv4","port":9299}],"tasks":[{"address":"127.0.0.1","family":"IPv4","port":9499}]},"metadata":{"message":"late-assigned ports for functions and eventarc emulators"}}
[warn] ⚠  functions: The following emulators are not running, calls to these services from the Functions emulator will affect production: apphosting, auth, firestore, database, hosting, pubsub, storage, dataconnect {"metadata":{"emulator":{"name":"functions"},"message":"The following emulators are not running, calls to these services from the Functions emulator will affect production: \u001b[1mapphosting, auth, firestore, database, hosting, pubsub, storage, dataconnect\u001b[22m"}}
[debug] [2025-01-27T15:40:22.570Z] defaultcredentials: writing to file /home/alexpimenov/.config/firebase/pimenovs33_gmail_com_application_default_credentials.json
[debug] [2025-01-27T15:40:22.573Z] Setting GAC to /home/alexpimenov/.config/firebase/pimenovs33_gmail_com_application_default_credentials.json {"metadata":{"emulator":{"name":"functions"},"message":"Setting GAC to /home/alexpimenov/.config/firebase/pimenovs33_gmail_com_application_default_credentials.json"}}
[debug] [2025-01-27T15:40:22.574Z] Checked if tokens are valid: true, expires at: 1737995116005
[debug] [2025-01-27T15:40:22.574Z] Checked if tokens are valid: true, expires at: 1737995116005
[debug] [2025-01-27T15:40:22.575Z] >>> [apiv2][query] GET https://firebase.googleapis.com/v1beta1/projects/mealstogo-e7267/adminSdkConfig [none]
[debug] [2025-01-27T15:40:23.297Z] <<< [apiv2][status] GET https://firebase.googleapis.com/v1beta1/projects/mealstogo-e7267/adminSdkConfig 200
[debug] [2025-01-27T15:40:23.298Z] <<< [apiv2][body] GET https://firebase.googleapis.com/v1beta1/projects/mealstogo-e7267/adminSdkConfig {"projectId":"mealstogo-e7267","storageBucket":"mealstogo-e7267.firebasestorage.app"}
[info] i  ui: downloading ui-v1.14.0.zip... {"metadata":{"emulator":{"name":"ui"},"message":"downloading ui-v1.14.0.zip..."}}
[debug] [2025-01-27T15:40:23.317Z] >>> [apiv2][query] GET https://storage.googleapis.com/firebase-preview-drop/emulator/ui-v1.14.0.zip 
[debug] [2025-01-27T15:40:23.553Z] <<< [apiv2][status] GET https://storage.googleapis.com/firebase-preview-drop/emulator/ui-v1.14.0.zip 200
[debug] [2025-01-27T15:40:23.553Z] <<< [apiv2][body] GET https://storage.googleapis.com/firebase-preview-drop/emulator/ui-v1.14.0.zip [stream]
[debug] [2025-01-27T15:40:23.990Z] Data is 3615311
[debug] [2025-01-27T15:40:23.991Z] [unzip] Entry: client/ (compressed_size=0 bytes, uncompressed_size=0 bytes)
[debug] [2025-01-27T15:40:23.991Z] [unzip] Processing entry: client/
[debug] [2025-01-27T15:40:23.991Z] [unzip] mkdir: /home/alexpimenov/.cache/firebase/emulators/ui-v1.14.0/client/
[debug] [2025-01-27T15:40:23.993Z] [unzip] Entry: client/favicon-16x16.png (compressed_size=293 bytes, uncompressed_size=293 bytes)
[debug] [2025-01-27T15:40:23.993Z] [unzip] Processing entry: client/favicon-16x16.png
[debug] [2025-01-27T15:40:23.993Z] [unzip] else mkdir: /home/alexpimenov/.cache/firebase/emulators/ui-v1.14.0/client
[debug] [2025-01-27T15:40:23.993Z] [unzip] Writing file: /home/alexpimenov/.cache/firebase/emulators/ui-v1.14.0/client/favicon-16x16.png
[debug] [2025-01-27T15:40:23.996Z] [unzip] Entry: client/safari-pinned-tab.svg (compressed_size=1433 bytes, uncompressed_size=2611 bytes)
[debug] [2025-01-27T15:40:23.997Z] [unzip] Processing entry: client/safari-pinned-tab.svg
[debug] [2025-01-27T15:40:23.997Z] [unzip] else mkdir: /home/alexpimenov/.cache/firebase/emulators/ui-v1.14.0/client
[debug] [2025-01-27T15:40:23.997Z] [unzip] deflating: /home/alexpimenov/.cache/firebase/emulators/ui-v1.14.0/client/safari-pinned-tab.svg
[debug] [2025-01-27T15:40:24.007Z] [unzip] Entry: client/favicon.ico (compressed_size=2933 bytes, uncompressed_size=13294 bytes)
[debug] [2025-01-27T15:40:24.007Z] [unzip] Processing entry: client/favicon.ico
[debug] [2025-01-27T15:40:24.007Z] [unzip] else mkdir: /home/alexpimenov/.cache/firebase/emulators/ui-v1.14.0/client
[debug] [2025-01-27T15:40:24.008Z] [unzip] deflating: /home/alexpimenov/.cache/firebase/emulators/ui-v1.14.0/client/favicon.ico
[debug] [2025-01-27T15:40:24.010Z] [unzip] Entry: client/index.html (compressed_size=1363 bytes, uncompressed_size=3071 bytes)
[debug] [2025-01-27T15:40:24.011Z] [unzip] Processing entry: client/index.html
[debug] [2025-01-27T15:40:24.011Z] [unzip] else mkdir: /home/alexpimenov/.cache/firebase/emulators/ui-v1.14.0/client
[debug] [2025-01-27T15:40:24.011Z] [unzip] deflating: /home/alexpimenov/.cache/firebase/emulators/ui-v1.14.0/client/index.html
[debug] [2025-01-27T15:40:24.012Z] [unzip] Entry: client/android-chrome-192x192.png (compressed_size=2684 bytes, uncompressed_size=2684 bytes)
[debug] [2025-01-27T15:40:24.012Z] [unzip] Processing entry: client/android-chrome-192x192.png
[debug] [2025-01-27T15:40:24.012Z] [unzip] else mkdir: /home/alexpimenov/.cache/firebase/emulators/ui-v1.14.0/client
[debug] [2025-01-27T15:40:24.012Z] [unzip] Writing file: /home/alexpimenov/.cache/firebase/emulators/ui-v1.14.0/client/android-chrome-192x192.png
[debug] [2025-01-27T15:40:24.012Z] [unzip] Entry: client/apple-touch-icon.png (compressed_size=2123 bytes, uncompressed_size=2152 bytes)
[debug] [2025-01-27T15:40:24.012Z] [unzip] Processing entry: client/apple-touch-icon.png
[debug] [2025-01-27T15:40:24.012Z] [unzip] else mkdir: /home/alexpimenov/.cache/firebase/emulators/ui-v1.14.0/client
[debug] [2025-01-27T15:40:24.013Z] [unzip] deflating: /home/alexpimenov/.cache/firebase/emulators/ui-v1.14.0/client/apple-touch-icon.png
[debug] [2025-01-27T15:40:24.013Z] [unzip] Entry: client/android-chrome-512x512.png (compressed_size=5369 bytes, uncompressed_size=5411 bytes)
[debug] [2025-01-27T15:40:24.013Z] [unzip] Processing entry: client/android-chrome-512x512.png
[debug] [2025-01-27T15:40:24.013Z] [unzip] else mkdir: /home/alexpimenov/.cache/firebase/emulators/ui-v1.14.0/client
[debug] [2025-01-27T15:40:24.014Z] [unzip] deflating: /home/alexpimenov/.cache/firebase/emulators/ui-v1.14.0/client/android-chrome-512x512.png
[debug] [2025-01-27T15:40:24.017Z] [unzip] Entry: client/manifest.json (compressed_size=245 bytes, uncompressed_size=551 bytes)
[debug] [2025-01-27T15:40:24.018Z] [unzip] Processing entry: client/manifest.json
[debug] [2025-01-27T15:40:24.018Z] [unzip] else mkdir: /home/alexpimenov/.cache/firebase/emulators/ui-v1.14.0/client
[debug] [2025-01-27T15:40:24.019Z] [unzip] deflating: /home/alexpimenov/.cache/firebase/emulators/ui-v1.14.0/client/manifest.json
[debug] [2025-01-27T15:40:24.020Z] [unzip] Entry: client/robots.txt (compressed_size=26 bytes, uncompressed_size=26 bytes)
[debug] [2025-01-27T15:40:24.021Z] [unzip] Processing entry: client/robots.txt
[debug] [2025-01-27T15:40:24.021Z] [unzip] else mkdir: /home/alexpimenov/.cache/firebase/emulators/ui-v1.14.0/client
[debug] [2025-01-27T15:40:24.021Z] [unzip] Writing file: /home/alexpimenov/.cache/firebase/emulators/ui-v1.14.0/client/robots.txt
[debug] [2025-01-27T15:40:24.021Z] [unzip] Entry: client/mstile-150x150.png (compressed_size=2034 bytes, uncompressed_size=2034 bytes)
[debug] [2025-01-27T15:40:24.021Z] [unzip] Processing entry: client/mstile-150x150.png
[debug] [2025-01-27T15:40:24.022Z] [unzip] else mkdir: /home/alexpimenov/.cache/firebase/emulators/ui-v1.14.0/client
[debug] [2025-01-27T15:40:24.022Z] [unzip] Writing file: /home/alexpimenov/.cache/firebase/emulators/ui-v1.14.0/client/mstile-150x150.png
[debug] [2025-01-27T15:40:24.022Z] [unzip] Entry: client/assets/ (compressed_size=0 bytes, uncompressed_size=0 bytes)
[debug] [2025-01-27T15:40:24.022Z] [unzip] Processing entry: client/assets/
[debug] [2025-01-27T15:40:24.022Z] [unzip] mkdir: /home/alexpimenov/.cache/firebase/emulators/ui-v1.14.0/client/assets/
[debug] [2025-01-27T15:40:24.023Z] [unzip] Entry: client/assets/index-ClZTY_JS.js.map (compressed_size=2328270 bytes, uncompressed_size=9947004 bytes)
[debug] [2025-01-27T15:40:24.023Z] [unzip] Processing entry: client/assets/index-ClZTY_JS.js.map
[debug] [2025-01-27T15:40:24.023Z] [unzip] else mkdir: /home/alexpimenov/.cache/firebase/emulators/ui-v1.14.0/client/assets
[debug] [2025-01-27T15:40:24.023Z] [unzip] deflating: /home/alexpimenov/.cache/firebase/emulators/ui-v1.14.0/client/assets/index-ClZTY_JS.js.map
[debug] [2025-01-27T15:40:24.072Z] [unzip] Entry: client/assets/index-ClZTY_JS.js (compressed_size=567195 bytes, uncompressed_size=2035940 bytes)
[debug] [2025-01-27T15:40:24.072Z] [unzip] Processing entry: client/assets/index-ClZTY_JS.js
[debug] [2025-01-27T15:40:24.072Z] [unzip] else mkdir: /home/alexpimenov/.cache/firebase/emulators/ui-v1.14.0/client/assets
[debug] [2025-01-27T15:40:24.073Z] [unzip] deflating: /home/alexpimenov/.cache/firebase/emulators/ui-v1.14.0/client/assets/index-ClZTY_JS.js
[debug] [2025-01-27T15:40:24.086Z] [unzip] Entry: client/assets/index-BdgySamB.css (compressed_size=35979 bytes, uncompressed_size=298654 bytes)
[debug] [2025-01-27T15:40:24.086Z] [unzip] Processing entry: client/assets/index-BdgySamB.css
[debug] [2025-01-27T15:40:24.086Z] [unzip] else mkdir: /home/alexpimenov/.cache/firebase/emulators/ui-v1.14.0/client/assets
[debug] [2025-01-27T15:40:24.086Z] [unzip] deflating: /home/alexpimenov/.cache/firebase/emulators/ui-v1.14.0/client/assets/index-BdgySamB.css
[debug] [2025-01-27T15:40:24.089Z] [unzip] Entry: client/assets/extensions/ (compressed_size=0 bytes, uncompressed_size=0 bytes)
[debug] [2025-01-27T15:40:24.090Z] [unzip] Processing entry: client/assets/extensions/
[debug] [2025-01-27T15:40:24.090Z] [unzip] mkdir: /home/alexpimenov/.cache/firebase/emulators/ui-v1.14.0/client/assets/extensions/
[debug] [2025-01-27T15:40:24.090Z] [unzip] Entry: client/assets/extensions/default-extension.png (compressed_size=1646 bytes, uncompressed_size=1657 bytes)
[debug] [2025-01-27T15:40:24.091Z] [unzip] Processing entry: client/assets/extensions/default-extension.png
[debug] [2025-01-27T15:40:24.091Z] [unzip] else mkdir: /home/alexpimenov/.cache/firebase/emulators/ui-v1.14.0/client/assets/extensions
[debug] [2025-01-27T15:40:24.091Z] [unzip] deflating: /home/alexpimenov/.cache/firebase/emulators/ui-v1.14.0/client/assets/extensions/default-extension.png
[debug] [2025-01-27T15:40:24.092Z] [unzip] Entry: client/assets/img/ (compressed_size=0 bytes, uncompressed_size=0 bytes)
[debug] [2025-01-27T15:40:24.092Z] [unzip] Processing entry: client/assets/img/
[debug] [2025-01-27T15:40:24.092Z] [unzip] mkdir: /home/alexpimenov/.cache/firebase/emulators/ui-v1.14.0/client/assets/img/
[debug] [2025-01-27T15:40:24.093Z] [unzip] Entry: client/assets/img/database.png (compressed_size=29449 bytes, uncompressed_size=29988 bytes)
[debug] [2025-01-27T15:40:24.093Z] [unzip] Processing entry: client/assets/img/database.png
[debug] [2025-01-27T15:40:24.093Z] [unzip] else mkdir: /home/alexpimenov/.cache/firebase/emulators/ui-v1.14.0/client/assets/img
[debug] [2025-01-27T15:40:24.093Z] [unzip] deflating: /home/alexpimenov/.cache/firebase/emulators/ui-v1.14.0/client/assets/img/database.png
[debug] [2025-01-27T15:40:24.094Z] [unzip] Entry: client/assets/provider-icons/ (compressed_size=0 bytes, uncompressed_size=0 bytes)
[debug] [2025-01-27T15:40:24.094Z] [unzip] Processing entry: client/assets/provider-icons/
[debug] [2025-01-27T15:40:24.094Z] [unzip] mkdir: /home/alexpimenov/.cache/firebase/emulators/ui-v1.14.0/client/assets/provider-icons/
[debug] [2025-01-27T15:40:24.094Z] [unzip] Entry: client/assets/provider-icons/auth_service_saml.svg (compressed_size=575 bytes, uncompressed_size=1226 bytes)
[debug] [2025-01-27T15:40:24.094Z] [unzip] Processing entry: client/assets/provider-icons/auth_service_saml.svg
[debug] [2025-01-27T15:40:24.094Z] [unzip] else mkdir: /home/alexpimenov/.cache/firebase/emulators/ui-v1.14.0/client/assets/provider-icons
[debug] [2025-01-27T15:40:24.094Z] [unzip] deflating: /home/alexpimenov/.cache/firebase/emulators/ui-v1.14.0/client/assets/provider-icons/auth_service_saml.svg
[debug] [2025-01-27T15:40:24.095Z] [unzip] Entry: client/assets/provider-icons/auth_service_phone.svg (compressed_size=261 bytes, uncompressed_size=414 bytes)
[debug] [2025-01-27T15:40:24.095Z] [unzip] Processing entry: client/assets/provider-icons/auth_service_phone.svg
[debug] [2025-01-27T15:40:24.095Z] [unzip] else mkdir: /home/alexpimenov/.cache/firebase/emulators/ui-v1.14.0/client/assets/provider-icons
[debug] [2025-01-27T15:40:24.095Z] [unzip] deflating: /home/alexpimenov/.cache/firebase/emulators/ui-v1.14.0/client/assets/provider-icons/auth_service_phone.svg
[debug] [2025-01-27T15:40:24.095Z] [unzip] Entry: client/assets/provider-icons/auth_service_facebook.svg (compressed_size=289 bytes, uncompressed_size=457 bytes)
[debug] [2025-01-27T15:40:24.095Z] [unzip] Processing entry: client/assets/provider-icons/auth_service_facebook.svg
[debug] [2025-01-27T15:40:24.095Z] [unzip] else mkdir: /home/alexpimenov/.cache/firebase/emulators/ui-v1.14.0/client/assets/provider-icons
[debug] [2025-01-27T15:40:24.095Z] [unzip] deflating: /home/alexpimenov/.cache/firebase/emulators/ui-v1.14.0/client/assets/provider-icons/auth_service_facebook.svg
[debug] [2025-01-27T15:40:24.096Z] [unzip] Entry: client/assets/provider-icons/auth_service_game_center.svg (compressed_size=991 bytes, uncompressed_size=3921 bytes)
[debug] [2025-01-27T15:40:24.096Z] [unzip] Processing entry: client/assets/provider-icons/auth_service_game_center.svg
[debug] [2025-01-27T15:40:24.096Z] [unzip] else mkdir: /home/alexpimenov/.cache/firebase/emulators/ui-v1.14.0/client/assets/provider-icons
[debug] [2025-01-27T15:40:24.096Z] [unzip] deflating: /home/alexpimenov/.cache/firebase/emulators/ui-v1.14.0/client/assets/provider-icons/auth_service_game_center.svg
[debug] [2025-01-27T15:40:24.096Z] [unzip] Entry: client/assets/provider-icons/auth_service_apple.svg (compressed_size=230 bytes, uncompressed_size=334 bytes)
[debug] [2025-01-27T15:40:24.096Z] [unzip] Processing entry: client/assets/provider-icons/auth_service_apple.svg
[debug] [2025-01-27T15:40:24.096Z] [unzip] else mkdir: /home/alexpimenov/.cache/firebase/emulators/ui-v1.14.0/client/assets/provider-icons
[debug] [2025-01-27T15:40:24.096Z] [unzip] deflating: /home/alexpimenov/.cache/firebase/emulators/ui-v1.14.0/client/assets/provider-icons/auth_service_apple.svg
[debug] [2025-01-27T15:40:24.097Z] [unzip] Entry: client/assets/provider-icons/auth_service_github.svg (compressed_size=466 bytes, uncompressed_size=838 bytes)
[debug] [2025-01-27T15:40:24.097Z] [unzip] Processing entry: client/assets/provider-icons/auth_service_github.svg
[debug] [2025-01-27T15:40:24.097Z] [unzip] else mkdir: /home/alexpimenov/.cache/firebase/emulators/ui-v1.14.0/client/assets/provider-icons
[debug] [2025-01-27T15:40:24.097Z] [unzip] deflating: /home/alexpimenov/.cache/firebase/emulators/ui-v1.14.0/client/assets/provider-icons/auth_service_github.svg
[debug] [2025-01-27T15:40:24.098Z] [unzip] Entry: client/assets/provider-icons/auth_service_mslive.svg (compressed_size=203 bytes, uncompressed_size=378 bytes)
[debug] [2025-01-27T15:40:24.098Z] [unzip] Processing entry: client/assets/provider-icons/auth_service_mslive.svg
[debug] [2025-01-27T15:40:24.098Z] [unzip] else mkdir: /home/alexpimenov/.cache/firebase/emulators/ui-v1.14.0/client/assets/provider-icons
[debug] [2025-01-27T15:40:24.099Z] [unzip] deflating: /home/alexpimenov/.cache/firebase/emulators/ui-v1.14.0/client/assets/provider-icons/auth_service_mslive.svg
[debug] [2025-01-27T15:40:24.102Z] [unzip] Entry: client/assets/provider-icons/auth_service_yahoo.svg (compressed_size=577 bytes, uncompressed_size=1182 bytes)
[debug] [2025-01-27T15:40:24.102Z] [unzip] Processing entry: client/assets/provider-icons/auth_service_yahoo.svg
[debug] [2025-01-27T15:40:24.103Z] [unzip] else mkdir: /home/alexpimenov/.cache/firebase/emulators/ui-v1.14.0/client/assets/provider-icons
[debug] [2025-01-27T15:40:24.103Z] [unzip] deflating: /home/alexpimenov/.cache/firebase/emulators/ui-v1.14.0/client/assets/provider-icons/auth_service_yahoo.svg
[debug] [2025-01-27T15:40:24.105Z] [unzip] Entry: client/assets/provider-icons/auth_service_twitter.svg (compressed_size=444 bytes, uncompressed_size=751 bytes)
[debug] [2025-01-27T15:40:24.105Z] [unzip] Processing entry: client/assets/provider-icons/auth_service_twitter.svg
[debug] [2025-01-27T15:40:24.105Z] [unzip] else mkdir: /home/alexpimenov/.cache/firebase/emulators/ui-v1.14.0/client/assets/provider-icons
[debug] [2025-01-27T15:40:24.106Z] [unzip] deflating: /home/alexpimenov/.cache/firebase/emulators/ui-v1.14.0/client/assets/provider-icons/auth_service_twitter.svg
[debug] [2025-01-27T15:40:24.107Z] [unzip] Entry: client/assets/provider-icons/auth_service_play_games.svg (compressed_size=565 bytes, uncompressed_size=1173 bytes)
[debug] [2025-01-27T15:40:24.108Z] [unzip] Processing entry: client/assets/provider-icons/auth_service_play_games.svg
[debug] [2025-01-27T15:40:24.108Z] [unzip] else mkdir: /home/alexpimenov/.cache/firebase/emulators/ui-v1.14.0/client/assets/provider-icons
[debug] [2025-01-27T15:40:24.109Z] [unzip] deflating: /home/alexpimenov/.cache/firebase/emulators/ui-v1.14.0/client/assets/provider-icons/auth_service_play_games.svg
[debug] [2025-01-27T15:40:24.110Z] [unzip] Entry: client/assets/provider-icons/auth_service_email.svg (compressed_size=228 bytes, uncompressed_size=326 bytes)
[debug] [2025-01-27T15:40:24.110Z] [unzip] Processing entry: client/assets/provider-icons/auth_service_email.svg
[debug] [2025-01-27T15:40:24.110Z] [unzip] else mkdir: /home/alexpimenov/.cache/firebase/emulators/ui-v1.14.0/client/assets/provider-icons
[debug] [2025-01-27T15:40:24.110Z] [unzip] deflating: /home/alexpimenov/.cache/firebase/emulators/ui-v1.14.0/client/assets/provider-icons/auth_service_email.svg
[debug] [2025-01-27T15:40:24.111Z] [unzip] Entry: client/assets/provider-icons/auth_service_google.svg (compressed_size=409 bytes, uncompressed_size=720 bytes)
[debug] [2025-01-27T15:40:24.111Z] [unzip] Processing entry: client/assets/provider-icons/auth_service_google.svg
[debug] [2025-01-27T15:40:24.111Z] [unzip] else mkdir: /home/alexpimenov/.cache/firebase/emulators/ui-v1.14.0/client/assets/provider-icons
[debug] [2025-01-27T15:40:24.111Z] [unzip] deflating: /home/alexpimenov/.cache/firebase/emulators/ui-v1.14.0/client/assets/provider-icons/auth_service_google.svg
[debug] [2025-01-27T15:40:24.111Z] [unzip] Entry: client/assets/provider-icons/auth_service_oidc.svg (compressed_size=414 bytes, uncompressed_size=858 bytes)
[debug] [2025-01-27T15:40:24.111Z] [unzip] Processing entry: client/assets/provider-icons/auth_service_oidc.svg
[debug] [2025-01-27T15:40:24.111Z] [unzip] else mkdir: /home/alexpimenov/.cache/firebase/emulators/ui-v1.14.0/client/assets/provider-icons
[debug] [2025-01-27T15:40:24.112Z] [unzip] deflating: /home/alexpimenov/.cache/firebase/emulators/ui-v1.14.0/client/assets/provider-icons/auth_service_oidc.svg
[debug] [2025-01-27T15:40:24.112Z] [unzip] Entry: client/browserconfig.xml (compressed_size=491 bytes, uncompressed_size=822 bytes)
[debug] [2025-01-27T15:40:24.112Z] [unzip] Processing entry: client/browserconfig.xml
[debug] [2025-01-27T15:40:24.112Z] [unzip] else mkdir: /home/alexpimenov/.cache/firebase/emulators/ui-v1.14.0/client
[debug] [2025-01-27T15:40:24.112Z] [unzip] deflating: /home/alexpimenov/.cache/firebase/emulators/ui-v1.14.0/client/browserconfig.xml
[debug] [2025-01-27T15:40:24.112Z] [unzip] Entry: client/favicon-32x32.png (compressed_size=475 bytes, uncompressed_size=475 bytes)
[debug] [2025-01-27T15:40:24.112Z] [unzip] Processing entry: client/favicon-32x32.png
[debug] [2025-01-27T15:40:24.112Z] [unzip] else mkdir: /home/alexpimenov/.cache/firebase/emulators/ui-v1.14.0/client
[debug] [2025-01-27T15:40:24.112Z] [unzip] Writing file: /home/alexpimenov/.cache/firebase/emulators/ui-v1.14.0/client/favicon-32x32.png
[debug] [2025-01-27T15:40:24.113Z] [unzip] Entry: server/ (compressed_size=0 bytes, uncompressed_size=0 bytes)
[debug] [2025-01-27T15:40:24.113Z] [unzip] Processing entry: server/
[debug] [2025-01-27T15:40:24.113Z] [unzip] mkdir: /home/alexpimenov/.cache/firebase/emulators/ui-v1.14.0/server/
[debug] [2025-01-27T15:40:24.113Z] [unzip] Entry: server/server.mjs.map (compressed_size=296496 bytes, uncompressed_size=1355667 bytes)
[debug] [2025-01-27T15:40:24.113Z] [unzip] Processing entry: server/server.mjs.map
[debug] [2025-01-27T15:40:24.113Z] [unzip] else mkdir: /home/alexpimenov/.cache/firebase/emulators/ui-v1.14.0/server
[debug] [2025-01-27T15:40:24.113Z] [unzip] deflating: /home/alexpimenov/.cache/firebase/emulators/ui-v1.14.0/server/server.mjs.map
[debug] [2025-01-27T15:40:24.123Z] [unzip] Entry: server/server.mjs (compressed_size=315701 bytes, uncompressed_size=1172682 bytes)
[debug] [2025-01-27T15:40:24.124Z] [unzip] Processing entry: server/server.mjs
[debug] [2025-01-27T15:40:24.124Z] [unzip] else mkdir: /home/alexpimenov/.cache/firebase/emulators/ui-v1.14.0/server
[debug] [2025-01-27T15:40:24.125Z] [unzip] deflating: /home/alexpimenov/.cache/firebase/emulators/ui-v1.14.0/server/server.mjs
[debug] [2025-01-27T15:40:24.135Z] [unzip] Entry: server/assets/ (compressed_size=0 bytes, uncompressed_size=0 bytes)
[debug] [2025-01-27T15:40:24.136Z] [unzip] Processing entry: server/assets/
[debug] [2025-01-27T15:40:24.136Z] [unzip] mkdir: /home/alexpimenov/.cache/firebase/emulators/ui-v1.14.0/server/assets/
[debug] [2025-01-27T15:40:24.143Z] [unzip] Entry: server/assets/multipart-parser-DGCUZdXu.mjs.map (compressed_size=4791 bytes, uncompressed_size=17918 bytes)
[debug] [2025-01-27T15:40:24.143Z] [unzip] Processing entry: server/assets/multipart-parser-DGCUZdXu.mjs.map
[debug] [2025-01-27T15:40:24.143Z] [unzip] else mkdir: /home/alexpimenov/.cache/firebase/emulators/ui-v1.14.0/server/assets
[debug] [2025-01-27T15:40:24.143Z] [unzip] deflating: /home/alexpimenov/.cache/firebase/emulators/ui-v1.14.0/server/assets/multipart-parser-DGCUZdXu.mjs.map
[debug] [2025-01-27T15:40:24.144Z] [unzip] Entry: server/assets/multipart-parser-DGCUZdXu.mjs (compressed_size=2621 bytes, uncompressed_size=10390 bytes)
[debug] [2025-01-27T15:40:24.144Z] [unzip] Processing entry: server/assets/multipart-parser-DGCUZdXu.mjs
[debug] [2025-01-27T15:40:24.144Z] [unzip] else mkdir: /home/alexpimenov/.cache/firebase/emulators/ui-v1.14.0/server/assets
[debug] [2025-01-27T15:40:24.144Z] [unzip] deflating: /home/alexpimenov/.cache/firebase/emulators/ui-v1.14.0/server/assets/multipart-parser-DGCUZdXu.mjs
[info] i  functions: Watching "/home/alexpimenov/myspace/projects/mealstogo/functions" for Cloud Functions... {"metadata":{"emulator":{"name":"functions"},"message":"Watching \"/home/alexpimenov/myspace/projects/mealstogo/functions\" for Cloud Functions..."}}
[debug] [2025-01-27T15:40:24.159Z] Validating nodejs source
[debug] [2025-01-27T15:40:24.734Z] > [functions] package.json contents: {
  "name": "functions",
  "description": "Cloud Functions for Firebase",
  "scripts": {
    "serve": "firebase emulators:start --only functions",
    "shell": "firebase functions:shell",
    "start": "npm run shell",
    "deploy": "firebase deploy --only functions",
    "logs": "firebase functions:log"
  },
  "engines": {
    "node": "20"
  },
  "main": "index.js",
  "dependencies": {
    "firebase-admin": "^12.6.0",
    "firebase-functions": "^6.0.1"
  },
  "devDependencies": {
    "firebase-functions-test": "^3.1.0"
  },
  "private": true
}
[debug] [2025-01-27T15:40:24.734Z] Building nodejs source
[debug] [2025-01-27T15:40:24.735Z] Failed to find version of module node: reached end of search path /home/alexpimenov/myspace/projects/mealstogo/functions/node_modules
[info] ✔  functions: Using node@20 from host. 
[debug] [2025-01-27T15:40:24.736Z] Could not find functions.yaml. Must use http discovery
[debug] [2025-01-27T15:40:24.738Z] Found firebase-functions binary at '/home/alexpimenov/myspace/projects/mealstogo/functions/node_modules/.bin/firebase-functions'
[info] Serving at port 8808

[debug] [2025-01-27T15:40:24.923Z] Got response from /__/functions.yaml {"endpoints":{},"specVersion":"v1alpha1","requiredAPIs":[],"extensions":{}}
[info] ✔  functions: Loaded functions definitions from source: . {"metadata":{"emulator":{"name":"functions"},"message":"Loaded functions definitions from source: ."}}
[debug] [2025-01-27T15:40:28.938Z] Could not find VSCode notification endpoint: FetchError: request to http://localhost:40001/vscode/notify failed, reason: connect ECONNREFUSED 127.0.0.1:40001. If you are not running the Firebase Data Connect VSCode extension, this is expected and not an issue.
[info] 
┌─────────────────────────────────────────────────────────────┐
│ ✔  All emulators ready! It is now safe to connect your app. │
│ i  View Emulator UI at http://127.0.0.1:4000/               │
└─────────────────────────────────────────────────────────────┘

┌───────────┬────────────────┬─────────────────────────────────┐
│ Emulator  │ Host:Port      │ View in Emulator UI             │
├───────────┼────────────────┼─────────────────────────────────┤
│ Functions │ 127.0.0.1:5001 │ http://127.0.0.1:4000/functions │
└───────────┴────────────────┴─────────────────────────────────┘
  Emulator Hub running at 127.0.0.1:4400
  Other reserved ports: 4500

Issues? Report them at https://github.com/firebase/firebase-tools/issues and attach the *-debug.log files.
 
[debug] [2025-01-27T15:41:45.155Z] File /home/alexpimenov/myspace/projects/mealstogo/functions/index.js changed, reloading triggers {"metadata":{"emulator":{"name":"functions"},"message":"File /home/alexpimenov/myspace/projects/mealstogo/functions/index.js changed, reloading triggers"}}
[debug] [2025-01-27T15:41:46.144Z] File /home/alexpimenov/myspace/projects/mealstogo/functions/index.js changed, reloading triggers {"metadata":{"emulator":{"name":"functions"},"message":"File /home/alexpimenov/myspace/projects/mealstogo/functions/index.js changed, reloading triggers"}}
[debug] [2025-01-27T15:41:47.146Z] Validating nodejs source
[debug] [2025-01-27T15:41:47.580Z] > [functions] package.json contents: {
  "name": "functions",
  "description": "Cloud Functions for Firebase",
  "scripts": {
    "serve": "firebase emulators:start --only functions",
    "shell": "firebase functions:shell",
    "start": "npm run shell",
    "deploy": "firebase deploy --only functions",
    "logs": "firebase functions:log"
  },
  "engines": {
    "node": "20"
  },
  "main": "index.js",
  "dependencies": {
    "firebase-admin": "^12.6.0",
    "firebase-functions": "^6.0.1"
  },
  "devDependencies": {
    "firebase-functions-test": "^3.1.0"
  },
  "private": true
}
[debug] [2025-01-27T15:41:47.580Z] Building nodejs source
[debug] [2025-01-27T15:41:47.580Z] Failed to find version of module node: reached end of search path /home/alexpimenov/myspace/projects/mealstogo/functions/node_modules
[info] ✔  functions: Using node@20 from host. 
[debug] [2025-01-27T15:41:47.581Z] Could not find functions.yaml. Must use http discovery
[debug] [2025-01-27T15:41:47.582Z] Found firebase-functions binary at '/home/alexpimenov/myspace/projects/mealstogo/functions/node_modules/.bin/firebase-functions'
[info] Serving at port 8969

[debug] [2025-01-27T15:41:47.904Z] Got response from /__/functions.yaml {"endpoints":{"helloWorld":{"availableMemoryMb":null,"timeoutSeconds":null,"minInstances":null,"maxInstances":null,"ingressSettings":null,"concurrency":null,"serviceAccountEmail":null,"vpc":null,"platform":"gcfv2","labels":{},"httpsTrigger":{},"entryPoint":"helloWorld"}},"specVersion":"v1alpha1","requiredAPIs":[],"extensions":{}}
[info] ✔  functions: Loaded functions definitions from source: helloWorld. {"metadata":{"emulator":{"name":"functions"},"message":"Loaded functions definitions from source: helloWorld."}}
[info] ✔  functions[us-central1-helloWorld]: http function initialized (http://127.0.0.1:5001/mealstogo-e7267/us-central1/helloWorld). {"metadata":{"emulator":{"name":"functions"},"message":"\u001b[1mhttp\u001b[22m function initialized (http://127.0.0.1:5001/mealstogo-e7267/us-central1/helloWorld)."}}
[debug] [2025-01-27T15:42:07.007Z] [work-queue] {"queuedWork":["/mealstogo-e7267/us-central1/helloWorld-2025-01-27T15:42:07.007Z"],"queueLength":1,"runningWork":[],"workRunningCount":0}
[debug] [2025-01-27T15:42:07.008Z] [work-queue] {"queuedWork":[],"queueLength":0,"runningWork":["/mealstogo-e7267/us-central1/helloWorld-2025-01-27T15:42:07.007Z"],"workRunningCount":1}
[debug] [2025-01-27T15:42:07.010Z] Accepted request GET /mealstogo-e7267/us-central1/helloWorld --> us-central1-helloWorld
[debug] [2025-01-27T15:42:07.011Z] [functions] Runtime ready! Sending request! {"metadata":{"emulator":{"name":"functions"},"message":"[functions] Runtime ready! Sending request!"}}
[debug] [2025-01-27T15:42:07.011Z] [functions] Got req.url=/mealstogo-e7267/us-central1/helloWorld, mapping to path=/ {"metadata":{"emulator":{"name":"functions"},"message":"[functions] Got req.url=/mealstogo-e7267/us-central1/helloWorld, mapping to path=/"}}
[debug] [2025-01-27T15:42:07.023Z] [worker-pool] addWorker(us-central1-helloWorld) {"metadata":{"emulator":{"name":"functions"},"message":"[worker-pool] addWorker(us-central1-helloWorld)"}}
[debug] [2025-01-27T15:42:07.024Z] [worker-pool] Adding worker with key us-central1-helloWorld, total=1 {"metadata":{"emulator":{"name":"functions"},"message":"[worker-pool] Adding worker with key us-central1-helloWorld, total=1"}}
[debug] [2025-01-27T15:42:07.961Z] [runtime-status] [66427] Resolved module firebase-admin {"declared":true,"installed":true,"version":"12.7.0","resolution":"/home/alexpimenov/myspace/projects/mealstogo/functions/node_modules/firebase-admin/lib/index.js"} {"metadata":{"emulator":{"name":"functions"},"function":{"name":"us-central1-helloWorld"},"extension":{},"message":"[runtime-status] [66427] Resolved module firebase-admin {\"declared\":true,\"installed\":true,\"version\":\"12.7.0\",\"resolution\":\"/home/alexpimenov/myspace/projects/mealstogo/functions/node_modules/firebase-admin/lib/index.js\"}"}}
[debug] [2025-01-27T15:42:07.963Z] [runtime-status] [66427] Resolved module firebase-functions {"declared":true,"installed":true,"version":"6.3.0","resolution":"/home/alexpimenov/myspace/projects/mealstogo/functions/node_modules/firebase-functions/lib/v2/index.js"} {"metadata":{"emulator":{"name":"functions"},"function":{"name":"us-central1-helloWorld"},"extension":{},"message":"[runtime-status] [66427] Resolved module firebase-functions {\"declared\":true,\"installed\":true,\"version\":\"6.3.0\",\"resolution\":\"/home/alexpimenov/myspace/projects/mealstogo/functions/node_modules/firebase-functions/lib/v2/index.js\"}"}}
[debug] [2025-01-27T15:42:07.964Z] [runtime-status] [66427] Outgoing network have been stubbed. [{"name":"http","status":"mocked"},{"name":"http","status":"mocked"},{"name":"https","status":"mocked"},{"name":"https","status":"mocked"},{"name":"net","status":"mocked"}] {"metadata":{"emulator":{"name":"functions"},"function":{"name":"us-central1-helloWorld"},"extension":{},"message":"[runtime-status] [66427] Outgoing network have been stubbed. [{\"name\":\"http\",\"status\":\"mocked\"},{\"name\":\"http\",\"status\":\"mocked\"},{\"name\":\"https\",\"status\":\"mocked\"},{\"name\":\"https\",\"status\":\"mocked\"},{\"name\":\"net\",\"status\":\"mocked\"}]"}}
[debug] [2025-01-27T15:42:07.966Z] [runtime-status] [66427] Resolved module firebase-functions {"declared":true,"installed":true,"version":"6.3.0","resolution":"/home/alexpimenov/myspace/projects/mealstogo/functions/node_modules/firebase-functions/lib/v2/index.js"} {"metadata":{"emulator":{"name":"functions"},"function":{"name":"us-central1-helloWorld"},"extension":{},"message":"[runtime-status] [66427] Resolved module firebase-functions {\"declared\":true,\"installed\":true,\"version\":\"6.3.0\",\"resolution\":\"/home/alexpimenov/myspace/projects/mealstogo/functions/node_modules/firebase-functions/lib/v2/index.js\"}"}}
[debug] [2025-01-27T15:42:08.206Z] [runtime-status] [66427] Checked functions.config() {"config":{}} {"metadata":{"emulator":{"name":"functions"},"function":{"name":"us-central1-helloWorld"},"extension":{},"message":"[runtime-status] [66427] Checked functions.config() {\"config\":{}}"}}
[debug] [2025-01-27T15:42:08.206Z] [runtime-status] [66427] firebase-functions has been stubbed. {"functionsResolution":{"declared":true,"installed":true,"version":"6.3.0","resolution":"/home/alexpimenov/myspace/projects/mealstogo/functions/node_modules/firebase-functions/lib/v2/index.js"}} {"metadata":{"emulator":{"name":"functions"},"function":{"name":"us-central1-helloWorld"},"extension":{},"message":"[runtime-status] [66427] firebase-functions has been stubbed. {\"functionsResolution\":{\"declared\":true,\"installed\":true,\"version\":\"6.3.0\",\"resolution\":\"/home/alexpimenov/myspace/projects/mealstogo/functions/node_modules/firebase-functions/lib/v2/index.js\"}}"}}
[debug] [2025-01-27T15:42:08.207Z] [runtime-status] [66427] Resolved module firebase-functions {"declared":true,"installed":true,"version":"6.3.0","resolution":"/home/alexpimenov/myspace/projects/mealstogo/functions/node_modules/firebase-functions/lib/v2/index.js"} {"metadata":{"emulator":{"name":"functions"},"function":{"name":"us-central1-helloWorld"},"extension":{},"message":"[runtime-status] [66427] Resolved module firebase-functions {\"declared\":true,\"installed\":true,\"version\":\"6.3.0\",\"resolution\":\"/home/alexpimenov/myspace/projects/mealstogo/functions/node_modules/firebase-functions/lib/v2/index.js\"}"}}
[debug] [2025-01-27T15:42:08.209Z] [runtime-status] [66427] Resolved module firebase-admin {"declared":true,"installed":true,"version":"12.7.0","resolution":"/home/alexpimenov/myspace/projects/mealstogo/functions/node_modules/firebase-admin/lib/index.js"} {"metadata":{"emulator":{"name":"functions"},"function":{"name":"us-central1-helloWorld"},"extension":{},"message":"[runtime-status] [66427] Resolved module firebase-admin {\"declared\":true,\"installed\":true,\"version\":\"12.7.0\",\"resolution\":\"/home/alexpimenov/myspace/projects/mealstogo/functions/node_modules/firebase-admin/lib/index.js\"}"}}
[debug] [2025-01-27T15:42:08.212Z] [runtime-status] [66427] Resolved module firebase-functions {"declared":true,"installed":true,"version":"6.3.0","resolution":"/home/alexpimenov/myspace/projects/mealstogo/functions/node_modules/firebase-functions/lib/v2/index.js"} {"metadata":{"emulator":{"name":"functions"},"function":{"name":"us-central1-helloWorld"},"extension":{},"message":"[runtime-status] [66427] Resolved module firebase-functions {\"declared\":true,\"installed\":true,\"version\":\"6.3.0\",\"resolution\":\"/home/alexpimenov/myspace/projects/mealstogo/functions/node_modules/firebase-functions/lib/v2/index.js\"}"}}
[debug] [2025-01-27T15:42:08.213Z] [runtime-status] [66427] firebase-admin has been stubbed. {"adminResolution":{"declared":true,"installed":true,"version":"12.7.0","resolution":"/home/alexpimenov/myspace/projects/mealstogo/functions/node_modules/firebase-admin/lib/index.js"}} {"metadata":{"emulator":{"name":"functions"},"function":{"name":"us-central1-helloWorld"},"extension":{},"message":"[runtime-status] [66427] firebase-admin has been stubbed. {\"adminResolution\":{\"declared\":true,\"installed\":true,\"version\":\"12.7.0\",\"resolution\":\"/home/alexpimenov/myspace/projects/mealstogo/functions/node_modules/firebase-admin/lib/index.js\"}}"}}
[debug] [2025-01-27T15:42:08.225Z] [runtime-status] [66427] Functions runtime initialized. {"cwd":"/home/alexpimenov/myspace/projects/mealstogo/functions","node_version":"20.18.2"} {"metadata":{"emulator":{"name":"functions"},"function":{"name":"us-central1-helloWorld"},"extension":{},"message":"[runtime-status] [66427] Functions runtime initialized. {\"cwd\":\"/home/alexpimenov/myspace/projects/mealstogo/functions\",\"node_version\":\"20.18.2\"}"}}
[debug] [2025-01-27T15:42:08.226Z] [runtime-status] [66427] Listening to port: /tmp/fire_emu_e51ff8f51526e18f.sock {"metadata":{"emulator":{"name":"functions"},"function":{"name":"us-central1-helloWorld"},"extension":{},"message":"[runtime-status] [66427] Listening to port: /tmp/fire_emu_e51ff8f51526e18f.sock"}}
[debug] [2025-01-27T15:42:08.271Z] [worker-us-central1-helloWorld-6b163c11-0ced-42ec-89f9-6c8f9d1910ca]: IDLE {"metadata":{"emulator":{"name":"functions"},"function":{"name":"us-central1-helloWorld"},"extension":{},"message":"[worker-us-central1-helloWorld-6b163c11-0ced-42ec-89f9-6c8f9d1910ca]: IDLE"}}
[debug] [2025-01-27T15:42:08.273Z] [worker-pool] submitRequest(triggerId=us-central1-helloWorld) {"metadata":{"emulator":{"name":"functions"},"message":"[worker-pool] submitRequest(triggerId=us-central1-helloWorld)"}}
[info] i  functions: Beginning execution of "us-central1-helloWorld" {"metadata":{"emulator":{"name":"functions"},"function":{"name":"us-central1-helloWorld"},"extension":{},"message":"Beginning execution of \"us-central1-helloWorld\""}}
[debug] [2025-01-27T15:42:08.276Z] [worker-us-central1-helloWorld-6b163c11-0ced-42ec-89f9-6c8f9d1910ca]: BUSY {"metadata":{"emulator":{"name":"functions"},"function":{"name":"us-central1-helloWorld"},"extension":{},"message":"[worker-us-central1-helloWorld-6b163c11-0ced-42ec-89f9-6c8f9d1910ca]: BUSY"}}
[info] >  {"structuredData":true,"severity":"INFO","message":"Hello logs!"} {"user":{"structuredData":true,"severity":"INFO","message":"Hello logs!"},"metadata":{"emulator":{"name":"functions"},"function":{"name":"us-central1-helloWorld"},"extension":{},"message":"\u001b[90m> \u001b[39m {\"structuredData\":true,\"severity\":\"INFO\",\"message\":\"Hello logs!\"}"}}
[debug] [2025-01-27T15:42:08.287Z] Finishing up request with event=pause {"metadata":{"emulator":{"name":"functions"},"function":{"name":"us-central1-helloWorld"},"extension":{},"message":"Finishing up request with event=pause"}}
[info] i  functions: Finished "us-central1-helloWorld" in 11.05878ms {"metadata":{"emulator":{"name":"functions"},"function":{"name":"us-central1-helloWorld"},"extension":{},"message":"Finished \"us-central1-helloWorld\" in 11.05878ms"}}
[debug] [2025-01-27T15:42:08.288Z] [worker-us-central1-helloWorld-6b163c11-0ced-42ec-89f9-6c8f9d1910ca]: IDLE {"metadata":{"emulator":{"name":"functions"},"function":{"name":"us-central1-helloWorld"},"extension":{},"message":"[worker-us-central1-helloWorld-6b163c11-0ced-42ec-89f9-6c8f9d1910ca]: IDLE"}}
[debug] [2025-01-27T15:42:08.288Z] Finishing up request with event=finish {"metadata":{"emulator":{"name":"functions"},"function":{"name":"us-central1-helloWorld"},"extension":{},"message":"Finishing up request with event=finish"}}
[debug] [2025-01-27T15:42:08.288Z] Finishing up request with event=close {"metadata":{"emulator":{"name":"functions"},"function":{"name":"us-central1-helloWorld"},"extension":{},"message":"Finishing up request with event=close"}}
[debug] [2025-01-27T15:42:08.288Z] [work-queue] {"queuedWork":[],"queueLength":0,"runningWork":[],"workRunningCount":0}
[debug] [2025-01-27T15:42:08.775Z] Functions emulator received unknown request at path /favicon.ico
[debug] [2025-01-27T15:43:56.493Z] File /home/alexpimenov/myspace/projects/mealstogo/functions/index.js changed, reloading triggers {"metadata":{"emulator":{"name":"functions"},"message":"File /home/alexpimenov/myspace/projects/mealstogo/functions/index.js changed, reloading triggers"}}
[debug] [2025-01-27T15:43:57.494Z] Validating nodejs source
[debug] [2025-01-27T15:43:58.268Z] > [functions] package.json contents: {
  "name": "functions",
  "description": "Cloud Functions for Firebase",
  "scripts": {
    "serve": "firebase emulators:start --only functions",
    "shell": "firebase functions:shell",
    "start": "npm run shell",
    "deploy": "firebase deploy --only functions",
    "logs": "firebase functions:log"
  },
  "engines": {
    "node": "20"
  },
  "main": "index.js",
  "dependencies": {
    "firebase-admin": "^12.6.0",
    "firebase-functions": "^6.0.1"
  },
  "devDependencies": {
    "firebase-functions-test": "^3.1.0"
  },
  "private": true
}
[debug] [2025-01-27T15:43:58.269Z] Building nodejs source
[debug] [2025-01-27T15:43:58.269Z] Failed to find version of module node: reached end of search path /home/alexpimenov/myspace/projects/mealstogo/functions/node_modules
[info] ✔  functions: Using node@20 from host. 
[debug] [2025-01-27T15:43:58.271Z] Could not find functions.yaml. Must use http discovery
[debug] [2025-01-27T15:43:58.272Z] Found firebase-functions binary at '/home/alexpimenov/myspace/projects/mealstogo/functions/node_modules/.bin/firebase-functions'
[info] Serving at port 8224

[debug] [2025-01-27T15:43:58.572Z] Got response from /__/functions.yaml {"endpoints":{"helloWorld":{"availableMemoryMb":null,"timeoutSeconds":null,"minInstances":null,"maxInstances":null,"ingressSettings":null,"concurrency":null,"serviceAccountEmail":null,"vpc":null,"platform":"gcfv2","labels":{},"httpsTrigger":{},"entryPoint":"helloWorld"}},"specVersion":"v1alpha1","requiredAPIs":[],"extensions":{}}
[debug] [2025-01-27T15:44:02.134Z] [work-queue] {"queuedWork":["/mealstogo-e7267/us-central1/helloWorld-2025-01-27T15:44:02.134Z"],"queueLength":1,"runningWork":[],"workRunningCount":0}
[debug] [2025-01-27T15:44:02.134Z] [work-queue] {"queuedWork":[],"queueLength":0,"runningWork":["/mealstogo-e7267/us-central1/helloWorld-2025-01-27T15:44:02.134Z"],"workRunningCount":1}
[debug] [2025-01-27T15:44:02.134Z] Accepted request GET /mealstogo-e7267/us-central1/helloWorld --> us-central1-helloWorld
[debug] [2025-01-27T15:44:02.134Z] [functions] Runtime ready! Sending request! {"metadata":{"emulator":{"name":"functions"},"message":"[functions] Runtime ready! Sending request!"}}
[debug] [2025-01-27T15:44:02.135Z] [functions] Got req.url=/mealstogo-e7267/us-central1/helloWorld, mapping to path=/ {"metadata":{"emulator":{"name":"functions"},"message":"[functions] Got req.url=/mealstogo-e7267/us-central1/helloWorld, mapping to path=/"}}
[debug] [2025-01-27T15:44:02.135Z] [worker-pool] submitRequest(triggerId=us-central1-helloWorld) {"metadata":{"emulator":{"name":"functions"},"message":"[worker-pool] submitRequest(triggerId=us-central1-helloWorld)"}}
[info] i  functions: Beginning execution of "us-central1-helloWorld" {"metadata":{"emulator":{"name":"functions"},"function":{"name":"us-central1-helloWorld"},"extension":{},"message":"Beginning execution of \"us-central1-helloWorld\""}}
[debug] [2025-01-27T15:44:02.135Z] [worker-us-central1-helloWorld-6b163c11-0ced-42ec-89f9-6c8f9d1910ca]: BUSY {"metadata":{"emulator":{"name":"functions"},"function":{"name":"us-central1-helloWorld"},"extension":{},"message":"[worker-us-central1-helloWorld-6b163c11-0ced-42ec-89f9-6c8f9d1910ca]: BUSY"}}
[info] >  {"structuredData":true,"severity":"INFO","message":"Hello logs!"} {"user":{"structuredData":true,"severity":"INFO","message":"Hello logs!"},"metadata":{"emulator":{"name":"functions"},"function":{"name":"us-central1-helloWorld"},"extension":{},"message":"\u001b[90m> \u001b[39m {\"structuredData\":true,\"severity\":\"INFO\",\"message\":\"Hello logs!\"}"}}
[debug] [2025-01-27T15:44:02.138Z] Finishing up request with event=pause {"metadata":{"emulator":{"name":"functions"},"function":{"name":"us-central1-helloWorld"},"extension":{},"message":"Finishing up request with event=pause"}}
[info] i  functions: Finished "us-central1-helloWorld" in 3.3692ms {"metadata":{"emulator":{"name":"functions"},"function":{"name":"us-central1-helloWorld"},"extension":{},"message":"Finished \"us-central1-helloWorld\" in 3.3692ms"}}
[debug] [2025-01-27T15:44:02.139Z] [worker-us-central1-helloWorld-6b163c11-0ced-42ec-89f9-6c8f9d1910ca]: IDLE {"metadata":{"emulator":{"name":"functions"},"function":{"name":"us-central1-helloWorld"},"extension":{},"message":"[worker-us-central1-helloWorld-6b163c11-0ced-42ec-89f9-6c8f9d1910ca]: IDLE"}}
[debug] [2025-01-27T15:44:02.139Z] Finishing up request with event=finish {"metadata":{"emulator":{"name":"functions"},"function":{"name":"us-central1-helloWorld"},"extension":{},"message":"Finishing up request with event=finish"}}
[debug] [2025-01-27T15:44:02.139Z] Finishing up request with event=close {"metadata":{"emulator":{"name":"functions"},"function":{"name":"us-central1-helloWorld"},"extension":{},"message":"Finishing up request with event=close"}}
[debug] [2025-01-27T15:44:02.139Z] [work-queue] {"queuedWork":[],"queueLength":0,"runningWork":[],"workRunningCount":0}
[info] ✔  functions: Loaded functions definitions from source: helloWorld. {"metadata":{"emulator":{"name":"functions"},"message":"Loaded functions definitions from source: helloWorld."}}
[debug] [2025-01-27T15:44:02.597Z] [worker-pool] Shutting down IDLE worker (us-central1-helloWorld) {"metadata":{"emulator":{"name":"functions"},"message":"[worker-pool] Shutting down IDLE worker (us-central1-helloWorld)"}}
[debug] [2025-01-27T15:44:02.597Z] [worker-us-central1-helloWorld-6b163c11-0ced-42ec-89f9-6c8f9d1910ca]: FINISHING {"metadata":{"emulator":{"name":"functions"},"function":{"name":"us-central1-helloWorld"},"extension":{},"message":"[worker-us-central1-helloWorld-6b163c11-0ced-42ec-89f9-6c8f9d1910ca]: FINISHING"}}
[debug] [2025-01-27T15:44:02.608Z] [worker-us-central1-helloWorld-6b163c11-0ced-42ec-89f9-6c8f9d1910ca]: exited {"metadata":{"emulator":{"name":"functions"},"function":{"name":"us-central1-helloWorld"},"extension":{},"message":"[worker-us-central1-helloWorld-6b163c11-0ced-42ec-89f9-6c8f9d1910ca]: exited"}}
[debug] [2025-01-27T15:44:02.608Z] [worker-us-central1-helloWorld-6b163c11-0ced-42ec-89f9-6c8f9d1910ca]: FINISHED {"metadata":{"emulator":{"name":"functions"},"function":{"name":"us-central1-helloWorld"},"extension":{},"message":"[worker-us-central1-helloWorld-6b163c11-0ced-42ec-89f9-6c8f9d1910ca]: FINISHED"}}
[debug] [2025-01-27T15:44:03.568Z] [work-queue] {"queuedWork":["/mealstogo-e7267/us-central1/helloWorld-2025-01-27T15:44:03.568Z"],"queueLength":1,"runningWork":[],"workRunningCount":0}
[debug] [2025-01-27T15:44:03.569Z] [work-queue] {"queuedWork":[],"queueLength":0,"runningWork":["/mealstogo-e7267/us-central1/helloWorld-2025-01-27T15:44:03.568Z"],"workRunningCount":1}
[debug] [2025-01-27T15:44:03.569Z] Accepted request GET /mealstogo-e7267/us-central1/helloWorld --> us-central1-helloWorld
[debug] [2025-01-27T15:44:03.569Z] [functions] Runtime ready! Sending request! {"metadata":{"emulator":{"name":"functions"},"message":"[functions] Runtime ready! Sending request!"}}
[debug] [2025-01-27T15:44:03.569Z] [functions] Got req.url=/mealstogo-e7267/us-central1/helloWorld, mapping to path=/ {"metadata":{"emulator":{"name":"functions"},"message":"[functions] Got req.url=/mealstogo-e7267/us-central1/helloWorld, mapping to path=/"}}
[debug] [2025-01-27T15:44:03.569Z] [worker-pool] Cleaned up workers for us-central1-helloWorld: 1 --> 0 {"metadata":{"emulator":{"name":"functions"},"message":"[worker-pool] Cleaned up workers for us-central1-helloWorld: 1 --> 0"}}
[debug] [2025-01-27T15:44:03.572Z] [worker-pool] addWorker(us-central1-helloWorld) {"metadata":{"emulator":{"name":"functions"},"message":"[worker-pool] addWorker(us-central1-helloWorld)"}}
[debug] [2025-01-27T15:44:03.572Z] [worker-pool] Adding worker with key us-central1-helloWorld, total=1 {"metadata":{"emulator":{"name":"functions"},"message":"[worker-pool] Adding worker with key us-central1-helloWorld, total=1"}}
[debug] [2025-01-27T15:44:04.708Z] [runtime-status] [66721] Resolved module firebase-admin {"declared":true,"installed":true,"version":"12.7.0","resolution":"/home/alexpimenov/myspace/projects/mealstogo/functions/node_modules/firebase-admin/lib/index.js"} {"metadata":{"emulator":{"name":"functions"},"function":{"name":"us-central1-helloWorld"},"extension":{},"message":"[runtime-status] [66721] Resolved module firebase-admin {\"declared\":true,\"installed\":true,\"version\":\"12.7.0\",\"resolution\":\"/home/alexpimenov/myspace/projects/mealstogo/functions/node_modules/firebase-admin/lib/index.js\"}"}}
[debug] [2025-01-27T15:44:04.712Z] [runtime-status] [66721] Resolved module firebase-functions {"declared":true,"installed":true,"version":"6.3.0","resolution":"/home/alexpimenov/myspace/projects/mealstogo/functions/node_modules/firebase-functions/lib/v2/index.js"} {"metadata":{"emulator":{"name":"functions"},"function":{"name":"us-central1-helloWorld"},"extension":{},"message":"[runtime-status] [66721] Resolved module firebase-functions {\"declared\":true,\"installed\":true,\"version\":\"6.3.0\",\"resolution\":\"/home/alexpimenov/myspace/projects/mealstogo/functions/node_modules/firebase-functions/lib/v2/index.js\"}"}}
[debug] [2025-01-27T15:44:04.716Z] [runtime-status] [66721] Outgoing network have been stubbed. [{"name":"http","status":"mocked"},{"name":"http","status":"mocked"},{"name":"https","status":"mocked"},{"name":"https","status":"mocked"},{"name":"net","status":"mocked"}] {"metadata":{"emulator":{"name":"functions"},"function":{"name":"us-central1-helloWorld"},"extension":{},"message":"[runtime-status] [66721] Outgoing network have been stubbed. [{\"name\":\"http\",\"status\":\"mocked\"},{\"name\":\"http\",\"status\":\"mocked\"},{\"name\":\"https\",\"status\":\"mocked\"},{\"name\":\"https\",\"status\":\"mocked\"},{\"name\":\"net\",\"status\":\"mocked\"}]"}}
[debug] [2025-01-27T15:44:04.717Z] [runtime-status] [66721] Resolved module firebase-functions {"declared":true,"installed":true,"version":"6.3.0","resolution":"/home/alexpimenov/myspace/projects/mealstogo/functions/node_modules/firebase-functions/lib/v2/index.js"} {"metadata":{"emulator":{"name":"functions"},"function":{"name":"us-central1-helloWorld"},"extension":{},"message":"[runtime-status] [66721] Resolved module firebase-functions {\"declared\":true,\"installed\":true,\"version\":\"6.3.0\",\"resolution\":\"/home/alexpimenov/myspace/projects/mealstogo/functions/node_modules/firebase-functions/lib/v2/index.js\"}"}}
[debug] [2025-01-27T15:44:04.918Z] [runtime-status] [66721] Checked functions.config() {"config":{}} {"metadata":{"emulator":{"name":"functions"},"function":{"name":"us-central1-helloWorld"},"extension":{},"message":"[runtime-status] [66721] Checked functions.config() {\"config\":{}}"}}
[debug] [2025-01-27T15:44:04.918Z] [runtime-status] [66721] firebase-functions has been stubbed. {"functionsResolution":{"declared":true,"installed":true,"version":"6.3.0","resolution":"/home/alexpimenov/myspace/projects/mealstogo/functions/node_modules/firebase-functions/lib/v2/index.js"}} {"metadata":{"emulator":{"name":"functions"},"function":{"name":"us-central1-helloWorld"},"extension":{},"message":"[runtime-status] [66721] firebase-functions has been stubbed. {\"functionsResolution\":{\"declared\":true,\"installed\":true,\"version\":\"6.3.0\",\"resolution\":\"/home/alexpimenov/myspace/projects/mealstogo/functions/node_modules/firebase-functions/lib/v2/index.js\"}}"}}
[debug] [2025-01-27T15:44:04.920Z] [runtime-status] [66721] Resolved module firebase-functions {"declared":true,"installed":true,"version":"6.3.0","resolution":"/home/alexpimenov/myspace/projects/mealstogo/functions/node_modules/firebase-functions/lib/v2/index.js"} {"metadata":{"emulator":{"name":"functions"},"function":{"name":"us-central1-helloWorld"},"extension":{},"message":"[runtime-status] [66721] Resolved module firebase-functions {\"declared\":true,\"installed\":true,\"version\":\"6.3.0\",\"resolution\":\"/home/alexpimenov/myspace/projects/mealstogo/functions/node_modules/firebase-functions/lib/v2/index.js\"}"}}
[debug] [2025-01-27T15:44:04.922Z] [runtime-status] [66721] Resolved module firebase-admin {"declared":true,"installed":true,"version":"12.7.0","resolution":"/home/alexpimenov/myspace/projects/mealstogo/functions/node_modules/firebase-admin/lib/index.js"} {"metadata":{"emulator":{"name":"functions"},"function":{"name":"us-central1-helloWorld"},"extension":{},"message":"[runtime-status] [66721] Resolved module firebase-admin {\"declared\":true,\"installed\":true,\"version\":\"12.7.0\",\"resolution\":\"/home/alexpimenov/myspace/projects/mealstogo/functions/node_modules/firebase-admin/lib/index.js\"}"}}
[debug] [2025-01-27T15:44:04.923Z] [runtime-status] [66721] Resolved module firebase-functions {"declared":true,"installed":true,"version":"6.3.0","resolution":"/home/alexpimenov/myspace/projects/mealstogo/functions/node_modules/firebase-functions/lib/v2/index.js"} {"metadata":{"emulator":{"name":"functions"},"function":{"name":"us-central1-helloWorld"},"extension":{},"message":"[runtime-status] [66721] Resolved module firebase-functions {\"declared\":true,\"installed\":true,\"version\":\"6.3.0\",\"resolution\":\"/home/alexpimenov/myspace/projects/mealstogo/functions/node_modules/firebase-functions/lib/v2/index.js\"}"}}
[debug] [2025-01-27T15:44:04.924Z] [runtime-status] [66721] firebase-admin has been stubbed. {"adminResolution":{"declared":true,"installed":true,"version":"12.7.0","resolution":"/home/alexpimenov/myspace/projects/mealstogo/functions/node_modules/firebase-admin/lib/index.js"}} {"metadata":{"emulator":{"name":"functions"},"function":{"name":"us-central1-helloWorld"},"extension":{},"message":"[runtime-status] [66721] firebase-admin has been stubbed. {\"adminResolution\":{\"declared\":true,\"installed\":true,\"version\":\"12.7.0\",\"resolution\":\"/home/alexpimenov/myspace/projects/mealstogo/functions/node_modules/firebase-admin/lib/index.js\"}}"}}
[debug] [2025-01-27T15:44:04.934Z] [runtime-status] [66721] Functions runtime initialized. {"cwd":"/home/alexpimenov/myspace/projects/mealstogo/functions","node_version":"20.18.2"} {"metadata":{"emulator":{"name":"functions"},"function":{"name":"us-central1-helloWorld"},"extension":{},"message":"[runtime-status] [66721] Functions runtime initialized. {\"cwd\":\"/home/alexpimenov/myspace/projects/mealstogo/functions\",\"node_version\":\"20.18.2\"}"}}
[debug] [2025-01-27T15:44:04.936Z] [runtime-status] [66721] Listening to port: /tmp/fire_emu_01876498e03e14fc.sock {"metadata":{"emulator":{"name":"functions"},"function":{"name":"us-central1-helloWorld"},"extension":{},"message":"[runtime-status] [66721] Listening to port: /tmp/fire_emu_01876498e03e14fc.sock"}}
[debug] [2025-01-27T15:44:05.013Z] [worker-us-central1-helloWorld-7c80cae7-e7bb-4bb0-916d-5117256e8c06]: IDLE {"metadata":{"emulator":{"name":"functions"},"function":{"name":"us-central1-helloWorld"},"extension":{},"message":"[worker-us-central1-helloWorld-7c80cae7-e7bb-4bb0-916d-5117256e8c06]: IDLE"}}
[debug] [2025-01-27T15:44:05.015Z] [worker-pool] submitRequest(triggerId=us-central1-helloWorld) {"metadata":{"emulator":{"name":"functions"},"message":"[worker-pool] submitRequest(triggerId=us-central1-helloWorld)"}}
[info] i  functions: Beginning execution of "us-central1-helloWorld" {"metadata":{"emulator":{"name":"functions"},"function":{"name":"us-central1-helloWorld"},"extension":{},"message":"Beginning execution of \"us-central1-helloWorld\""}}
[debug] [2025-01-27T15:44:05.017Z] [worker-us-central1-helloWorld-7c80cae7-e7bb-4bb0-916d-5117256e8c06]: BUSY {"metadata":{"emulator":{"name":"functions"},"function":{"name":"us-central1-helloWorld"},"extension":{},"message":"[worker-us-central1-helloWorld-7c80cae7-e7bb-4bb0-916d-5117256e8c06]: BUSY"}}
[info] >  {"structuredData":true,"severity":"INFO","message":"Hello logs!"} {"user":{"structuredData":true,"severity":"INFO","message":"Hello logs!"},"metadata":{"emulator":{"name":"functions"},"function":{"name":"us-central1-helloWorld"},"extension":{},"message":"\u001b[90m> \u001b[39m {\"structuredData\":true,\"severity\":\"INFO\",\"message\":\"Hello logs!\"}"}}
[debug] [2025-01-27T15:44:05.030Z] Finishing up request with event=pause {"metadata":{"emulator":{"name":"functions"},"function":{"name":"us-central1-helloWorld"},"extension":{},"message":"Finishing up request with event=pause"}}
[info] i  functions: Finished "us-central1-helloWorld" in 14.030655ms {"metadata":{"emulator":{"name":"functions"},"function":{"name":"us-central1-helloWorld"},"extension":{},"message":"Finished \"us-central1-helloWorld\" in 14.030655ms"}}
[debug] [2025-01-27T15:44:05.034Z] [worker-us-central1-helloWorld-7c80cae7-e7bb-4bb0-916d-5117256e8c06]: IDLE {"metadata":{"emulator":{"name":"functions"},"function":{"name":"us-central1-helloWorld"},"extension":{},"message":"[worker-us-central1-helloWorld-7c80cae7-e7bb-4bb0-916d-5117256e8c06]: IDLE"}}
[debug] [2025-01-27T15:44:05.034Z] Finishing up request with event=finish {"metadata":{"emulator":{"name":"functions"},"function":{"name":"us-central1-helloWorld"},"extension":{},"message":"Finishing up request with event=finish"}}
[debug] [2025-01-27T15:44:05.034Z] Finishing up request with event=close {"metadata":{"emulator":{"name":"functions"},"function":{"name":"us-central1-helloWorld"},"extension":{},"message":"Finishing up request with event=close"}}
[debug] [2025-01-27T15:44:05.035Z] [work-queue] {"queuedWork":[],"queueLength":0,"runningWork":[],"workRunningCount":0}
